<?xml version="1.0" encoding="UTF-8"?>
<testsuite name="RideRepositoryTest" tests="1" skipped="0" failures="0" errors="0" timestamp="2020-05-31T06:16:27" hostname="BABA-PC" time="0.004">
  <properties/>
  <testcase name="givenUser_whenFound_shouldReturnRideList" classname="RideRepositoryTest" time="0.004"/>
  <system-out><![CDATA[]]></system-out>
  <system-err><![CDATA[]]></system-err>
</testsuite>
